<?xml version="1.0" encoding="UTF-8"?>
<testsuite xmlns:xsi="http://www.w3.org/2001/XMLSchema-instance" xsi:noNamespaceSchemaLocation="https://maven.apache.org/surefire/maven-surefire-plugin/xsd/surefire-test-report.xsd" name="com.project.test.runner.TestRunner" time="178.591" tests="1" errors="0" skipped="0" failures="0">
  <properties>
    <property name="gopherProxySet" value="false"/>
    <property name="awt.toolkit" value="sun.lwawt.macosx.LWCToolkit"/>
    <property name="file.encoding.pkg" value="sun.io"/>
    <property name="java.specification.version" value="1.8"/>
    <property name="sun.cpu.isalist" value=""/>
    <property name="sun.jnu.encoding" value="UTF-8"/>
    <property name="java.class.path" value="/Users/NEHAVERMA/ValidateFakeArticleBDD/ValidateFakeArticleBDD/target/test-classes:/Users/NEHAVERMA/ValidateFakeArticleBDD/ValidateFakeArticleBDD/target/classes:/Users/NEHAVERMA/.m2/repository/net/masterthought/cucumber-reporting/4.6.0/cucumber-reporting-4.6.0.jar:/Users/NEHAVERMA/.m2/repository/com/fasterxml/jackson/core/jackson-databind/2.9.8/jackson-databind-2.9.8.jar:/Users/NEHAVERMA/.m2/repository/com/fasterxml/jackson/core/jackson-annotations/2.9.0/jackson-annotations-2.9.0.jar:/Users/NEHAVERMA/.m2/repository/com/fasterxml/jackson/core/jackson-core/2.9.8/jackson-core-2.9.8.jar:/Users/NEHAVERMA/.m2/repository/org/apache/velocity/velocity/1.7/velocity-1.7.jar:/Users/NEHAVERMA/.m2/repository/commons-collections/commons-collections/3.2.1/commons-collections-3.2.1.jar:/Users/NEHAVERMA/.m2/repository/commons-lang/commons-lang/2.4/commons-lang-2.4.jar:/Users/NEHAVERMA/.m2/repository/velocity-tools/velocity-tools/1.4/velocity-tools-1.4.jar:/Users/NEHAVERMA/.m2/repository/joda-time/joda-time/2.10.1/joda-time-2.10.1.jar:/Users/NEHAVERMA/.m2/repository/org/apache/commons/commons-lang3/3.8.1/commons-lang3-3.8.1.jar:/Users/NEHAVERMA/.m2/repository/commons-io/commons-io/2.6/commons-io-2.6.jar:/Users/NEHAVERMA/.m2/repository/org/codehaus/plexus/plexus-utils/3.1.1/plexus-utils-3.1.1.jar:/Users/NEHAVERMA/.m2/repository/org/jsoup/jsoup/1.11.3/jsoup-1.11.3.jar:/Users/NEHAVERMA/.m2/repository/com/googlecode/owasp-java-html-sanitizer/owasp-java-html-sanitizer/20190325.1/owasp-java-html-sanitizer-20190325.1.jar:/Users/NEHAVERMA/.m2/repository/commons-configuration/commons-configuration/1.10/commons-configuration-1.10.jar:/Users/NEHAVERMA/.m2/repository/io/cucumber/cucumber-junit/5.4.1/cucumber-junit-5.4.1.jar:/Users/NEHAVERMA/.m2/repository/org/apiguardian/apiguardian-api/1.1.0/apiguardian-api-1.1.0.jar:/Users/NEHAVERMA/.m2/repository/io/cucumber/cucumber-core/5.4.1/cucumber-core-5.4.1.jar:/Users/NEHAVERMA/.m2/repository/io/cucumber/cucumber-gherkin/5.4.1/cucumber-gherkin-5.4.1.jar:/Users/NEHAVERMA/.m2/repository/io/cucumber/cucumber-gherkin-vintage/5.4.1/cucumber-gherkin-vintage-5.4.1.jar:/Users/NEHAVERMA/.m2/repository/io/cucumber/tag-expressions/2.0.4/tag-expressions-2.0.4.jar:/Users/NEHAVERMA/.m2/repository/io/cucumber/cucumber-expressions/8.3.1/cucumber-expressions-8.3.1.jar:/Users/NEHAVERMA/.m2/repository/io/cucumber/datatable/3.3.0/datatable-3.3.0.jar:/Users/NEHAVERMA/.m2/repository/io/cucumber/cucumber-plugin/5.4.1/cucumber-plugin-5.4.1.jar:/Users/NEHAVERMA/.m2/repository/io/cucumber/docstring/5.4.1/docstring-5.4.1.jar:/Users/NEHAVERMA/.m2/repository/junit/junit/4.13/junit-4.13.jar:/Users/NEHAVERMA/.m2/repository/io/cucumber/cucumber-java/5.4.1/cucumber-java-5.4.1.jar:/Users/NEHAVERMA/.m2/repository/org/seleniumhq/selenium/selenium-java/3.5.3/selenium-java-3.5.3.jar:/Users/NEHAVERMA/.m2/repository/org/seleniumhq/selenium/selenium-api/3.5.3/selenium-api-3.5.3.jar:/Users/NEHAVERMA/.m2/repository/org/seleniumhq/selenium/selenium-chrome-driver/3.5.3/selenium-chrome-driver-3.5.3.jar:/Users/NEHAVERMA/.m2/repository/org/seleniumhq/selenium/selenium-edge-driver/3.5.3/selenium-edge-driver-3.5.3.jar:/Users/NEHAVERMA/.m2/repository/org/seleniumhq/selenium/selenium-firefox-driver/3.5.3/selenium-firefox-driver-3.5.3.jar:/Users/NEHAVERMA/.m2/repository/org/seleniumhq/selenium/selenium-ie-driver/3.5.3/selenium-ie-driver-3.5.3.jar:/Users/NEHAVERMA/.m2/repository/org/seleniumhq/selenium/selenium-opera-driver/3.5.3/selenium-opera-driver-3.5.3.jar:/Users/NEHAVERMA/.m2/repository/org/seleniumhq/selenium/selenium-remote-driver/3.5.3/selenium-remote-driver-3.5.3.jar:/Users/NEHAVERMA/.m2/repository/org/seleniumhq/selenium/selenium-safari-driver/3.5.3/selenium-safari-driver-3.5.3.jar:/Users/NEHAVERMA/.m2/repository/org/seleniumhq/selenium/selenium-support/3.5.3/selenium-support-3.5.3.jar:/Users/NEHAVERMA/.m2/repository/cglib/cglib-nodep/3.2.4/cglib-nodep-3.2.4.jar:/Users/NEHAVERMA/.m2/repository/org/apache/commons/commons-exec/1.3/commons-exec-1.3.jar:/Users/NEHAVERMA/.m2/repository/commons-codec/commons-codec/1.10/commons-codec-1.10.jar:/Users/NEHAVERMA/.m2/repository/commons-logging/commons-logging/1.2/commons-logging-1.2.jar:/Users/NEHAVERMA/.m2/repository/org/w3c/css/sac/1.3/sac-1.3.jar:/Users/NEHAVERMA/.m2/repository/net/sourceforge/cssparser/cssparser/0.9.23/cssparser-0.9.23.jar:/Users/NEHAVERMA/.m2/repository/com/google/code/gson/gson/2.8.0/gson-2.8.0.jar:/Users/NEHAVERMA/.m2/repository/com/google/guava/guava/23.0/guava-23.0.jar:/Users/NEHAVERMA/.m2/repository/com/google/code/findbugs/jsr305/1.3.9/jsr305-1.3.9.jar:/Users/NEHAVERMA/.m2/repository/com/google/errorprone/error_prone_annotations/2.0.18/error_prone_annotations-2.0.18.jar:/Users/NEHAVERMA/.m2/repository/com/google/j2objc/j2objc-annotations/1.1/j2objc-annotations-1.1.jar:/Users/NEHAVERMA/.m2/repository/org/codehaus/mojo/animal-sniffer-annotations/1.14/animal-sniffer-annotations-1.14.jar:/Users/NEHAVERMA/.m2/repository/org/hamcrest/hamcrest-core/1.3/hamcrest-core-1.3.jar:/Users/NEHAVERMA/.m2/repository/net/sourceforge/htmlunit/htmlunit/2.27/htmlunit-2.27.jar:/Users/NEHAVERMA/.m2/repository/net/sourceforge/htmlunit/htmlunit-core-js/2.27/htmlunit-core-js-2.27.jar:/Users/NEHAVERMA/.m2/repository/net/sourceforge/htmlunit/neko-htmlunit/2.27/neko-htmlunit-2.27.jar:/Users/NEHAVERMA/.m2/repository/org/apache/httpcomponents/httpclient/4.5.3/httpclient-4.5.3.jar:/Users/NEHAVERMA/.m2/repository/org/apache/httpcomponents/httpcore/4.4.6/httpcore-4.4.6.jar:/Users/NEHAVERMA/.m2/repository/org/apache/httpcomponents/httpmime/4.5.3/httpmime-4.5.3.jar:/Users/NEHAVERMA/.m2/repository/org/eclipse/jetty/jetty-client/9.4.5.v20170502/jetty-client-9.4.5.v20170502.jar:/Users/NEHAVERMA/.m2/repository/org/eclipse/jetty/jetty-http/9.4.5.v20170502/jetty-http-9.4.5.v20170502.jar:/Users/NEHAVERMA/.m2/repository/org/eclipse/jetty/jetty-io/9.4.5.v20170502/jetty-io-9.4.5.v20170502.jar:/Users/NEHAVERMA/.m2/repository/org/eclipse/jetty/jetty-util/9.4.5.v20170502/jetty-util-9.4.5.v20170502.jar:/Users/NEHAVERMA/.m2/repository/net/java/dev/jna/jna/4.1.0/jna-4.1.0.jar:/Users/NEHAVERMA/.m2/repository/net/java/dev/jna/jna-platform/4.1.0/jna-platform-4.1.0.jar:/Users/NEHAVERMA/.m2/repository/com/codeborne/phantomjsdriver/1.4.0/phantomjsdriver-1.4.0.jar:/Users/NEHAVERMA/.m2/repository/org/seleniumhq/selenium/htmlunit-driver/2.27/htmlunit-driver-2.27.jar:/Users/NEHAVERMA/.m2/repository/javax/servlet/javax.servlet-api/3.1.0/javax.servlet-api-3.1.0.jar:/Users/NEHAVERMA/.m2/repository/org/eclipse/jetty/websocket/websocket-api/9.4.5.v20170502/websocket-api-9.4.5.v20170502.jar:/Users/NEHAVERMA/.m2/repository/org/eclipse/jetty/websocket/websocket-client/9.4.5.v20170502/websocket-client-9.4.5.v20170502.jar:/Users/NEHAVERMA/.m2/repository/org/eclipse/jetty/websocket/websocket-common/9.4.5.v20170502/websocket-common-9.4.5.v20170502.jar:/Users/NEHAVERMA/.m2/repository/xalan/serializer/2.7.2/serializer-2.7.2.jar:/Users/NEHAVERMA/.m2/repository/xalan/xalan/2.7.2/xalan-2.7.2.jar:/Users/NEHAVERMA/.m2/repository/xerces/xercesImpl/2.11.0/xercesImpl-2.11.0.jar:/Users/NEHAVERMA/.m2/repository/xml-apis/xml-apis/1.4.01/xml-apis-1.4.01.jar:/Users/NEHAVERMA/.m2/repository/io/cucumber/cucumber-picocontainer/5.4.1/cucumber-picocontainer-5.4.1.jar:/Users/NEHAVERMA/.m2/repository/org/picocontainer/picocontainer/2.15/picocontainer-2.15.jar:"/>
    <property name="java.vm.vendor" value="Oracle Corporation"/>
    <property name="sun.arch.data.model" value="64"/>
    <property name="java.vendor.url" value="http://java.oracle.com/"/>
    <property name="user.timezone" value=""/>
    <property name="user.country.format" value="IN"/>
    <property name="java.vm.specification.version" value="1.8"/>
    <property name="os.name" value="Mac OS X"/>
    <property name="user.country" value="US"/>
    <property name="sun.java.launcher" value="SUN_STANDARD"/>
    <property name="sun.boot.library.path" value="/Library/Java/JavaVirtualMachines/jdk1.8.0_101.jdk/Contents/Home/jre/lib"/>
    <property name="sun.java.command" value="/Users/NEHAVERMA/ValidateFakeArticleBDD/ValidateFakeArticleBDD/target/surefire/surefirebooter5173389088567726430.jar /Users/NEHAVERMA/ValidateFakeArticleBDD/ValidateFakeArticleBDD/target/surefire 2020-11-07T10-56-14_912-jvmRun1 surefire5230476511353909663tmp surefire_02306409527481693628tmp"/>
    <property name="http.nonProxyHosts" value="local|*.local|169.254/16|*.169.254/16"/>
    <property name="surefire.test.class.path" value="/Users/NEHAVERMA/ValidateFakeArticleBDD/ValidateFakeArticleBDD/target/test-classes:/Users/NEHAVERMA/ValidateFakeArticleBDD/ValidateFakeArticleBDD/target/classes:/Users/NEHAVERMA/.m2/repository/net/masterthought/cucumber-reporting/4.6.0/cucumber-reporting-4.6.0.jar:/Users/NEHAVERMA/.m2/repository/com/fasterxml/jackson/core/jackson-databind/2.9.8/jackson-databind-2.9.8.jar:/Users/NEHAVERMA/.m2/repository/com/fasterxml/jackson/core/jackson-annotations/2.9.0/jackson-annotations-2.9.0.jar:/Users/NEHAVERMA/.m2/repository/com/fasterxml/jackson/core/jackson-core/2.9.8/jackson-core-2.9.8.jar:/Users/NEHAVERMA/.m2/repository/org/apache/velocity/velocity/1.7/velocity-1.7.jar:/Users/NEHAVERMA/.m2/repository/commons-collections/commons-collections/3.2.1/commons-collections-3.2.1.jar:/Users/NEHAVERMA/.m2/repository/commons-lang/commons-lang/2.4/commons-lang-2.4.jar:/Users/NEHAVERMA/.m2/repository/velocity-tools/velocity-tools/1.4/velocity-tools-1.4.jar:/Users/NEHAVERMA/.m2/repository/joda-time/joda-time/2.10.1/joda-time-2.10.1.jar:/Users/NEHAVERMA/.m2/repository/org/apache/commons/commons-lang3/3.8.1/commons-lang3-3.8.1.jar:/Users/NEHAVERMA/.m2/repository/commons-io/commons-io/2.6/commons-io-2.6.jar:/Users/NEHAVERMA/.m2/repository/org/codehaus/plexus/plexus-utils/3.1.1/plexus-utils-3.1.1.jar:/Users/NEHAVERMA/.m2/repository/org/jsoup/jsoup/1.11.3/jsoup-1.11.3.jar:/Users/NEHAVERMA/.m2/repository/com/googlecode/owasp-java-html-sanitizer/owasp-java-html-sanitizer/20190325.1/owasp-java-html-sanitizer-20190325.1.jar:/Users/NEHAVERMA/.m2/repository/commons-configuration/commons-configuration/1.10/commons-configuration-1.10.jar:/Users/NEHAVERMA/.m2/repository/io/cucumber/cucumber-junit/5.4.1/cucumber-junit-5.4.1.jar:/Users/NEHAVERMA/.m2/repository/org/apiguardian/apiguardian-api/1.1.0/apiguardian-api-1.1.0.jar:/Users/NEHAVERMA/.m2/repository/io/cucumber/cucumber-core/5.4.1/cucumber-core-5.4.1.jar:/Users/NEHAVERMA/.m2/repository/io/cucumber/cucumber-gherkin/5.4.1/cucumber-gherkin-5.4.1.jar:/Users/NEHAVERMA/.m2/repository/io/cucumber/cucumber-gherkin-vintage/5.4.1/cucumber-gherkin-vintage-5.4.1.jar:/Users/NEHAVERMA/.m2/repository/io/cucumber/tag-expressions/2.0.4/tag-expressions-2.0.4.jar:/Users/NEHAVERMA/.m2/repository/io/cucumber/cucumber-expressions/8.3.1/cucumber-expressions-8.3.1.jar:/Users/NEHAVERMA/.m2/repository/io/cucumber/datatable/3.3.0/datatable-3.3.0.jar:/Users/NEHAVERMA/.m2/repository/io/cucumber/cucumber-plugin/5.4.1/cucumber-plugin-5.4.1.jar:/Users/NEHAVERMA/.m2/repository/io/cucumber/docstring/5.4.1/docstring-5.4.1.jar:/Users/NEHAVERMA/.m2/repository/junit/junit/4.13/junit-4.13.jar:/Users/NEHAVERMA/.m2/repository/io/cucumber/cucumber-java/5.4.1/cucumber-java-5.4.1.jar:/Users/NEHAVERMA/.m2/repository/org/seleniumhq/selenium/selenium-java/3.5.3/selenium-java-3.5.3.jar:/Users/NEHAVERMA/.m2/repository/org/seleniumhq/selenium/selenium-api/3.5.3/selenium-api-3.5.3.jar:/Users/NEHAVERMA/.m2/repository/org/seleniumhq/selenium/selenium-chrome-driver/3.5.3/selenium-chrome-driver-3.5.3.jar:/Users/NEHAVERMA/.m2/repository/org/seleniumhq/selenium/selenium-edge-driver/3.5.3/selenium-edge-driver-3.5.3.jar:/Users/NEHAVERMA/.m2/repository/org/seleniumhq/selenium/selenium-firefox-driver/3.5.3/selenium-firefox-driver-3.5.3.jar:/Users/NEHAVERMA/.m2/repository/org/seleniumhq/selenium/selenium-ie-driver/3.5.3/selenium-ie-driver-3.5.3.jar:/Users/NEHAVERMA/.m2/repository/org/seleniumhq/selenium/selenium-opera-driver/3.5.3/selenium-opera-driver-3.5.3.jar:/Users/NEHAVERMA/.m2/repository/org/seleniumhq/selenium/selenium-remote-driver/3.5.3/selenium-remote-driver-3.5.3.jar:/Users/NEHAVERMA/.m2/repository/org/seleniumhq/selenium/selenium-safari-driver/3.5.3/selenium-safari-driver-3.5.3.jar:/Users/NEHAVERMA/.m2/repository/org/seleniumhq/selenium/selenium-support/3.5.3/selenium-support-3.5.3.jar:/Users/NEHAVERMA/.m2/repository/cglib/cglib-nodep/3.2.4/cglib-nodep-3.2.4.jar:/Users/NEHAVERMA/.m2/repository/org/apache/commons/commons-exec/1.3/commons-exec-1.3.jar:/Users/NEHAVERMA/.m2/repository/commons-codec/commons-codec/1.10/commons-codec-1.10.jar:/Users/NEHAVERMA/.m2/repository/commons-logging/commons-logging/1.2/commons-logging-1.2.jar:/Users/NEHAVERMA/.m2/repository/org/w3c/css/sac/1.3/sac-1.3.jar:/Users/NEHAVERMA/.m2/repository/net/sourceforge/cssparser/cssparser/0.9.23/cssparser-0.9.23.jar:/Users/NEHAVERMA/.m2/repository/com/google/code/gson/gson/2.8.0/gson-2.8.0.jar:/Users/NEHAVERMA/.m2/repository/com/google/guava/guava/23.0/guava-23.0.jar:/Users/NEHAVERMA/.m2/repository/com/google/code/findbugs/jsr305/1.3.9/jsr305-1.3.9.jar:/Users/NEHAVERMA/.m2/repository/com/google/errorprone/error_prone_annotations/2.0.18/error_prone_annotations-2.0.18.jar:/Users/NEHAVERMA/.m2/repository/com/google/j2objc/j2objc-annotations/1.1/j2objc-annotations-1.1.jar:/Users/NEHAVERMA/.m2/repository/org/codehaus/mojo/animal-sniffer-annotations/1.14/animal-sniffer-annotations-1.14.jar:/Users/NEHAVERMA/.m2/repository/org/hamcrest/hamcrest-core/1.3/hamcrest-core-1.3.jar:/Users/NEHAVERMA/.m2/repository/net/sourceforge/htmlunit/htmlunit/2.27/htmlunit-2.27.jar:/Users/NEHAVERMA/.m2/repository/net/sourceforge/htmlunit/htmlunit-core-js/2.27/htmlunit-core-js-2.27.jar:/Users/NEHAVERMA/.m2/repository/net/sourceforge/htmlunit/neko-htmlunit/2.27/neko-htmlunit-2.27.jar:/Users/NEHAVERMA/.m2/repository/org/apache/httpcomponents/httpclient/4.5.3/httpclient-4.5.3.jar:/Users/NEHAVERMA/.m2/repository/org/apache/httpcomponents/httpcore/4.4.6/httpcore-4.4.6.jar:/Users/NEHAVERMA/.m2/repository/org/apache/httpcomponents/httpmime/4.5.3/httpmime-4.5.3.jar:/Users/NEHAVERMA/.m2/repository/org/eclipse/jetty/jetty-client/9.4.5.v20170502/jetty-client-9.4.5.v20170502.jar:/Users/NEHAVERMA/.m2/repository/org/eclipse/jetty/jetty-http/9.4.5.v20170502/jetty-http-9.4.5.v20170502.jar:/Users/NEHAVERMA/.m2/repository/org/eclipse/jetty/jetty-io/9.4.5.v20170502/jetty-io-9.4.5.v20170502.jar:/Users/NEHAVERMA/.m2/repository/org/eclipse/jetty/jetty-util/9.4.5.v20170502/jetty-util-9.4.5.v20170502.jar:/Users/NEHAVERMA/.m2/repository/net/java/dev/jna/jna/4.1.0/jna-4.1.0.jar:/Users/NEHAVERMA/.m2/repository/net/java/dev/jna/jna-platform/4.1.0/jna-platform-4.1.0.jar:/Users/NEHAVERMA/.m2/repository/com/codeborne/phantomjsdriver/1.4.0/phantomjsdriver-1.4.0.jar:/Users/NEHAVERMA/.m2/repository/org/seleniumhq/selenium/htmlunit-driver/2.27/htmlunit-driver-2.27.jar:/Users/NEHAVERMA/.m2/repository/javax/servlet/javax.servlet-api/3.1.0/javax.servlet-api-3.1.0.jar:/Users/NEHAVERMA/.m2/repository/org/eclipse/jetty/websocket/websocket-api/9.4.5.v20170502/websocket-api-9.4.5.v20170502.jar:/Users/NEHAVERMA/.m2/repository/org/eclipse/jetty/websocket/websocket-client/9.4.5.v20170502/websocket-client-9.4.5.v20170502.jar:/Users/NEHAVERMA/.m2/repository/org/eclipse/jetty/websocket/websocket-common/9.4.5.v20170502/websocket-common-9.4.5.v20170502.jar:/Users/NEHAVERMA/.m2/repository/xalan/serializer/2.7.2/serializer-2.7.2.jar:/Users/NEHAVERMA/.m2/repository/xalan/xalan/2.7.2/xalan-2.7.2.jar:/Users/NEHAVERMA/.m2/repository/xerces/xercesImpl/2.11.0/xercesImpl-2.11.0.jar:/Users/NEHAVERMA/.m2/repository/xml-apis/xml-apis/1.4.01/xml-apis-1.4.01.jar:/Users/NEHAVERMA/.m2/repository/io/cucumber/cucumber-picocontainer/5.4.1/cucumber-picocontainer-5.4.1.jar:/Users/NEHAVERMA/.m2/repository/org/picocontainer/picocontainer/2.15/picocontainer-2.15.jar:"/>
    <property name="sun.cpu.endian" value="little"/>
    <property name="user.home" value="/Users/NEHAVERMA"/>
    <property name="user.language" value="en"/>
    <property name="java.specification.vendor" value="Oracle Corporation"/>
    <property name="java.home" value="/Library/Java/JavaVirtualMachines/jdk1.8.0_101.jdk/Contents/Home/jre"/>
    <property name="basedir" value="/Users/NEHAVERMA/ValidateFakeArticleBDD/ValidateFakeArticleBDD"/>
    <property name="file.separator" value="/"/>
    <property name="line.separator" value="&#10;"/>
    <property name="java.vm.specification.vendor" value="Oracle Corporation"/>
    <property name="java.specification.name" value="Java Platform API Specification"/>
    <property name="java.awt.graphicsenv" value="sun.awt.CGraphicsEnvironment"/>
    <property name="surefire.real.class.path" value="/Users/NEHAVERMA/ValidateFakeArticleBDD/ValidateFakeArticleBDD/target/surefire/surefirebooter5173389088567726430.jar"/>
    <property name="sun.boot.class.path" value="/Library/Java/JavaVirtualMachines/jdk1.8.0_101.jdk/Contents/Home/jre/lib/resources.jar:/Library/Java/JavaVirtualMachines/jdk1.8.0_101.jdk/Contents/Home/jre/lib/rt.jar:/Library/Java/JavaVirtualMachines/jdk1.8.0_101.jdk/Contents/Home/jre/lib/sunrsasign.jar:/Library/Java/JavaVirtualMachines/jdk1.8.0_101.jdk/Contents/Home/jre/lib/jsse.jar:/Library/Java/JavaVirtualMachines/jdk1.8.0_101.jdk/Contents/Home/jre/lib/jce.jar:/Library/Java/JavaVirtualMachines/jdk1.8.0_101.jdk/Contents/Home/jre/lib/charsets.jar:/Library/Java/JavaVirtualMachines/jdk1.8.0_101.jdk/Contents/Home/jre/lib/jfr.jar:/Library/Java/JavaVirtualMachines/jdk1.8.0_101.jdk/Contents/Home/jre/classes"/>
    <property name="sun.management.compiler" value="HotSpot 64-Bit Tiered Compilers"/>
    <property name="ftp.nonProxyHosts" value="local|*.local|169.254/16|*.169.254/16"/>
    <property name="java.runtime.version" value="1.8.0_101-b13"/>
    <property name="user.name" value="NEHAVERMA"/>
    <property name="path.separator" value=":"/>
    <property name="os.version" value="10.15.6"/>
    <property name="java.endorsed.dirs" value="/Library/Java/JavaVirtualMachines/jdk1.8.0_101.jdk/Contents/Home/jre/lib/endorsed"/>
    <property name="java.runtime.name" value="Java(TM) SE Runtime Environment"/>
    <property name="file.encoding" value="UTF-8"/>
    <property name="java.vm.name" value="Java HotSpot(TM) 64-Bit Server VM"/>
    <property name="localRepository" value="/Users/NEHAVERMA/.m2/repository"/>
    <property name="java.vendor.url.bug" value="http://bugreport.sun.com/bugreport/"/>
    <property name="java.io.tmpdir" value="/var/folders/x_/bvzxdn5955j4jtrq_8mbc38r0000gn/T/"/>
    <property name="java.version" value="1.8.0_101"/>
    <property name="user.dir" value="/Users/NEHAVERMA/ValidateFakeArticleBDD/ValidateFakeArticleBDD"/>
    <property name="os.arch" value="x86_64"/>
    <property name="java.vm.specification.name" value="Java Virtual Machine Specification"/>
    <property name="java.awt.printerjob" value="sun.lwawt.macosx.CPrinterJob"/>
    <property name="sun.os.patch.level" value="unknown"/>
    <property name="java.library.path" value="/Users/NEHAVERMA/Library/Java/Extensions:/Library/Java/Extensions:/Network/Library/Java/Extensions:/System/Library/Java/Extensions:/usr/lib/java:."/>
    <property name="java.vm.info" value="mixed mode"/>
    <property name="java.vendor" value="Oracle Corporation"/>
    <property name="java.vm.version" value="25.101-b13"/>
    <property name="java.ext.dirs" value="/Users/NEHAVERMA/Library/Java/Extensions:/Library/Java/JavaVirtualMachines/jdk1.8.0_101.jdk/Contents/Home/jre/lib/ext:/Library/Java/Extensions:/Network/Library/Java/Extensions:/System/Library/Java/Extensions:/usr/lib/java"/>
    <property name="sun.io.unicode.encoding" value="UnicodeBig"/>
    <property name="java.class.version" value="52.0"/>
    <property name="socksNonProxyHosts" value="local|*.local|169.254/16|*.169.254/16"/>
  </properties>
  <testcase name="TC_02_Validate_TheGuardianNewsArticle_from_WashingtonPost" classname="Validate Fake Article feature" time="177.847"/>
</testsuite>